{"C:\\Users\\Caleb\\Documents\\ALT School\\Second-Semester\\Backend_Engineering\\Backend Projects\\Blogging_API\\app.js": {"path":"C:\\Users\\Caleb\\Documents\\ALT School\\Second-Semester\\Backend_Engineering\\Backend Projects\\Blogging_API\\app.js","statementMap":{"0":{"start":{"line":1,"column":16},"end":{"line":1,"column":34}},"1":{"start":{"line":2,"column":19},"end":{"line":2,"column":49}},"2":{"start":{"line":3,"column":19},"end":{"line":3,"column":49}},"3":{"start":{"line":4,"column":25},"end":{"line":4,"column":52}},"4":{"start":{"line":5,"column":21},"end":{"line":5,"column":45}},"5":{"start":{"line":6,"column":37},"end":{"line":6,"column":70}},"6":{"start":{"line":7,"column":0},"end":{"line":7,"column":27}},"7":{"start":{"line":10,"column":0},"end":{"line":10,"column":24}},"8":{"start":{"line":13,"column":0},"end":{"line":13,"column":19}},"9":{"start":{"line":15,"column":12},"end":{"line":15,"column":21}},"10":{"start":{"line":19,"column":0},"end":{"line":19,"column":23}},"11":{"start":{"line":20,"column":0},"end":{"line":20,"column":24}},"12":{"start":{"line":21,"column":0},"end":{"line":21,"column":45}},"13":{"start":{"line":23,"column":0},"end":{"line":23,"column":26}},"14":{"start":{"line":24,"column":0},"end":{"line":28,"column":3}},"15":{"start":{"line":25,"column":4},"end":{"line":27,"column":7}},"16":{"start":{"line":31,"column":0},"end":{"line":31,"column":34}},"17":{"start":{"line":32,"column":0},"end":{"line":32,"column":28}},"18":{"start":{"line":37,"column":0},"end":{"line":39,"column":3}},"19":{"start":{"line":38,"column":4},"end":{"line":38,"column":98}},"20":{"start":{"line":42,"column":0},"end":{"line":46,"column":5}},"21":{"start":{"line":43,"column":33},"end":{"line":43,"column":36}},"22":{"start":{"line":44,"column":4},"end":{"line":44,"column":52}},"23":{"start":{"line":44,"column":22},"end":{"line":44,"column":52}},"24":{"start":{"line":45,"column":4},"end":{"line":45,"column":72}},"25":{"start":{"line":48,"column":0},"end":{"line":50,"column":3}},"26":{"start":{"line":49,"column":4},"end":{"line":49,"column":62}}},"fnMap":{"0":{"name":"(anonymous_0)","decl":{"start":{"line":24,"column":13},"end":{"line":24,"column":14}},"loc":{"start":{"line":24,"column":25},"end":{"line":28,"column":1}},"line":24},"1":{"name":"(anonymous_1)","decl":{"start":{"line":37,"column":13},"end":{"line":37,"column":14}},"loc":{"start":{"line":37,"column":24},"end":{"line":39,"column":1}},"line":37},"2":{"name":"(anonymous_2)","decl":{"start":{"line":42,"column":8},"end":{"line":42,"column":9}},"loc":{"start":{"line":42,"column":33},"end":{"line":46,"column":3}},"line":42},"3":{"name":"(anonymous_3)","decl":{"start":{"line":48,"column":17},"end":{"line":48,"column":18}},"loc":{"start":{"line":48,"column":21},"end":{"line":50,"column":1}},"line":48}},"branchMap":{"0":{"loc":{"start":{"line":43,"column":12},"end":{"line":43,"column":28}},"type":"default-arg","locations":[{"start":{"line":43,"column":25},"end":{"line":43,"column":28}}],"line":43},"1":{"loc":{"start":{"line":44,"column":4},"end":{"line":44,"column":52}},"type":"if","locations":[{"start":{"line":44,"column":4},"end":{"line":44,"column":52}},{"start":{},"end":{}}],"line":44}},"s":{"0":2,"1":2,"2":2,"3":2,"4":2,"5":2,"6":2,"7":2,"8":2,"9":2,"10":2,"11":2,"12":2,"13":2,"14":2,"15":0,"16":2,"17":2,"18":2,"19":0,"20":2,"21":0,"22":0,"23":0,"24":0,"25":2,"26":0},"f":{"0":0,"1":0,"2":0,"3":0},"b":{"0":[0],"1":[0,0]},"_coverageSchema":"1a1c01bbd47fc00a2c39e90264f33305004495a9","hash":"9e56f22f0a6e3ff352359a97c92efb0f9c5a6b93"}
,"C:\\Users\\Caleb\\Documents\\ALT School\\Second-Semester\\Backend_Engineering\\Backend Projects\\Blogging_API\\Controllers\\authController.js": {"path":"C:\\Users\\Caleb\\Documents\\ALT School\\Second-Semester\\Backend_Engineering\\Backend Projects\\Blogging_API\\Controllers\\authController.js","statementMap":{"0":{"start":{"line":1,"column":12},"end":{"line":1,"column":35}},"1":{"start":{"line":2,"column":18},"end":{"line":2,"column":48}},"2":{"start":{"line":4,"column":0},"end":{"line":4,"column":27}},"3":{"start":{"line":6,"column":15},"end":{"line":6,"column":37}},"4":{"start":{"line":8,"column":21},"end":{"line":39,"column":1}},"5":{"start":{"line":9,"column":17},"end":{"line":14,"column":5}},"6":{"start":{"line":16,"column":4},"end":{"line":18,"column":5}},"7":{"start":{"line":17,"column":8},"end":{"line":17,"column":69}},"8":{"start":{"line":20,"column":4},"end":{"line":22,"column":5}},"9":{"start":{"line":21,"column":8},"end":{"line":21,"column":78}},"10":{"start":{"line":24,"column":4},"end":{"line":29,"column":5}},"11":{"start":{"line":25,"column":8},"end":{"line":28,"column":9}},"12":{"start":{"line":26,"column":12},"end":{"line":26,"column":54}},"13":{"start":{"line":27,"column":12},"end":{"line":27,"column":26}},"14":{"start":{"line":32,"column":4},"end":{"line":36,"column":5}},"15":{"start":{"line":33,"column":8},"end":{"line":35,"column":11}},"16":{"start":{"line":34,"column":12},"end":{"line":34,"column":47}},"17":{"start":{"line":38,"column":4},"end":{"line":38,"column":18}},"18":{"start":{"line":42,"column":15},"end":{"line":42,"column":26}},"19":{"start":{"line":43,"column":20},"end":{"line":47,"column":1}},"20":{"start":{"line":44,"column":4},"end":{"line":46,"column":7}},"21":{"start":{"line":49,"column":0},"end":{"line":51,"column":2}},"22":{"start":{"line":50,"column":4},"end":{"line":50,"column":23}},"23":{"start":{"line":53,"column":0},"end":{"line":55,"column":1}},"24":{"start":{"line":54,"column":4},"end":{"line":54,"column":22}},"25":{"start":{"line":57,"column":0},"end":{"line":79,"column":2}},"26":{"start":{"line":58,"column":63},"end":{"line":58,"column":71}},"27":{"start":{"line":61,"column":4},"end":{"line":78,"column":5}},"28":{"start":{"line":62,"column":21},"end":{"line":68,"column":10}},"29":{"start":{"line":69,"column":8},"end":{"line":69,"column":26}},"30":{"start":{"line":70,"column":22},"end":{"line":70,"column":49}},"31":{"start":{"line":71,"column":8},"end":{"line":71,"column":27}},"32":{"start":{"line":72,"column":8},"end":{"line":72,"column":30}},"33":{"start":{"line":73,"column":8},"end":{"line":73,"column":74}},"34":{"start":{"line":74,"column":8},"end":{"line":74,"column":57}},"35":{"start":{"line":76,"column":23},"end":{"line":76,"column":40}},"36":{"start":{"line":77,"column":8},"end":{"line":77,"column":61}},"37":{"start":{"line":81,"column":0},"end":{"line":93,"column":2}},"38":{"start":{"line":82,"column":30},"end":{"line":82,"column":38}},"39":{"start":{"line":84,"column":4},"end":{"line":92,"column":5}},"40":{"start":{"line":85,"column":21},"end":{"line":85,"column":59}},"41":{"start":{"line":86,"column":22},"end":{"line":86,"column":49}},"42":{"start":{"line":87,"column":8},"end":{"line":87,"column":72}},"43":{"start":{"line":88,"column":8},"end":{"line":88,"column":90}},"44":{"start":{"line":90,"column":23},"end":{"line":90,"column":40}},"45":{"start":{"line":91,"column":8},"end":{"line":91,"column":60}}},"fnMap":{"0":{"name":"(anonymous_0)","decl":{"start":{"line":8,"column":21},"end":{"line":8,"column":22}},"loc":{"start":{"line":8,"column":28},"end":{"line":39,"column":1}},"line":8},"1":{"name":"(anonymous_1)","decl":{"start":{"line":33,"column":42},"end":{"line":33,"column":43}},"loc":{"start":{"line":33,"column":53},"end":{"line":35,"column":9}},"line":33},"2":{"name":"(anonymous_2)","decl":{"start":{"line":43,"column":20},"end":{"line":43,"column":21}},"loc":{"start":{"line":43,"column":26},"end":{"line":47,"column":1}},"line":43},"3":{"name":"(anonymous_3)","decl":{"start":{"line":49,"column":21},"end":{"line":49,"column":22}},"loc":{"start":{"line":49,"column":37},"end":{"line":51,"column":1}},"line":49},"4":{"name":"(anonymous_4)","decl":{"start":{"line":53,"column":20},"end":{"line":53,"column":21}},"loc":{"start":{"line":53,"column":36},"end":{"line":55,"column":1}},"line":53},"5":{"name":"(anonymous_5)","decl":{"start":{"line":57,"column":17},"end":{"line":57,"column":18}},"loc":{"start":{"line":57,"column":34},"end":{"line":79,"column":1}},"line":57},"6":{"name":"(anonymous_6)","decl":{"start":{"line":81,"column":16},"end":{"line":81,"column":17}},"loc":{"start":{"line":81,"column":33},"end":{"line":93,"column":1}},"line":81}},"branchMap":{"0":{"loc":{"start":{"line":16,"column":4},"end":{"line":18,"column":5}},"type":"if","locations":[{"start":{"line":16,"column":4},"end":{"line":18,"column":5}},{"start":{},"end":{}}],"line":16},"1":{"loc":{"start":{"line":20,"column":4},"end":{"line":22,"column":5}},"type":"if","locations":[{"start":{"line":20,"column":4},"end":{"line":22,"column":5}},{"start":{},"end":{}}],"line":20},"2":{"loc":{"start":{"line":24,"column":4},"end":{"line":29,"column":5}},"type":"if","locations":[{"start":{"line":24,"column":4},"end":{"line":29,"column":5}},{"start":{},"end":{}}],"line":24},"3":{"loc":{"start":{"line":25,"column":8},"end":{"line":28,"column":9}},"type":"if","locations":[{"start":{"line":25,"column":8},"end":{"line":28,"column":9}},{"start":{},"end":{}}],"line":25},"4":{"loc":{"start":{"line":32,"column":4},"end":{"line":36,"column":5}},"type":"if","locations":[{"start":{"line":32,"column":4},"end":{"line":36,"column":5}},{"start":{},"end":{}}],"line":32}},"s":{"0":2,"1":2,"2":2,"3":2,"4":2,"5":0,"6":0,"7":0,"8":0,"9":0,"10":0,"11":0,"12":0,"13":0,"14":0,"15":0,"16":0,"17":0,"18":2,"19":2,"20":0,"21":2,"22":0,"23":2,"24":0,"25":2,"26":0,"27":0,"28":0,"29":0,"30":0,"31":0,"32":0,"33":0,"34":0,"35":0,"36":0,"37":2,"38":0,"39":0,"40":0,"41":0,"42":0,"43":0,"44":0,"45":0},"f":{"0":0,"1":0,"2":0,"3":0,"4":0,"5":0,"6":0},"b":{"0":[0,0],"1":[0,0],"2":[0,0],"3":[0,0],"4":[0,0]},"_coverageSchema":"1a1c01bbd47fc00a2c39e90264f33305004495a9","hash":"b239e62e8f275392085a45f02561688ffc379248"}
,"C:\\Users\\Caleb\\Documents\\ALT School\\Second-Semester\\Backend_Engineering\\Backend Projects\\Blogging_API\\Controllers\\blogController.js": {"path":"C:\\Users\\Caleb\\Documents\\ALT School\\Second-Semester\\Backend_Engineering\\Backend Projects\\Blogging_API\\Controllers\\blogController.js","statementMap":{"0":{"start":{"line":1,"column":18},"end":{"line":1,"column":48}},"1":{"start":{"line":2,"column":18},"end":{"line":2,"column":48}},"2":{"start":{"line":3,"column":21},"end":{"line":3,"column":45}},"3":{"start":{"line":5,"column":21},"end":{"line":26,"column":1}},"4":{"start":{"line":6,"column":4},"end":{"line":6,"column":39}},"5":{"start":{"line":8,"column":16},"end":{"line":11,"column":5}},"6":{"start":{"line":13,"column":4},"end":{"line":18,"column":5}},"7":{"start":{"line":14,"column":8},"end":{"line":17,"column":9}},"8":{"start":{"line":15,"column":12},"end":{"line":15,"column":49}},"9":{"start":{"line":16,"column":12},"end":{"line":16,"column":25}},"10":{"start":{"line":20,"column":4},"end":{"line":24,"column":5}},"11":{"start":{"line":21,"column":8},"end":{"line":23,"column":11}},"12":{"start":{"line":22,"column":12},"end":{"line":22,"column":46}},"13":{"start":{"line":25,"column":4},"end":{"line":25,"column":17}},"14":{"start":{"line":28,"column":0},"end":{"line":50,"column":2}},"15":{"start":{"line":29,"column":46},"end":{"line":29,"column":54}},"16":{"start":{"line":31,"column":4},"end":{"line":49,"column":5}},"17":{"start":{"line":33,"column":25},"end":{"line":41,"column":10}},"18":{"start":{"line":44,"column":8},"end":{"line":44,"column":33}},"19":{"start":{"line":45,"column":8},"end":{"line":45,"column":55}},"20":{"start":{"line":47,"column":22},"end":{"line":47,"column":39}},"21":{"start":{"line":48,"column":8},"end":{"line":48,"column":60}},"22":{"start":{"line":53,"column":0},"end":{"line":76,"column":1}},"23":{"start":{"line":54,"column":4},"end":{"line":75,"column":5}},"24":{"start":{"line":55,"column":23},"end":{"line":55,"column":33}},"25":{"start":{"line":56,"column":25},"end":{"line":56,"column":87}},"26":{"start":{"line":58,"column":8},"end":{"line":63,"column":9}},"27":{"start":{"line":59,"column":12},"end":{"line":62,"column":15}},"28":{"start":{"line":66,"column":8},"end":{"line":66,"column":33}},"29":{"start":{"line":67,"column":8},"end":{"line":67,"column":30}},"30":{"start":{"line":69,"column":8},"end":{"line":72,"column":11}},"31":{"start":{"line":74,"column":8},"end":{"line":74,"column":72}},"32":{"start":{"line":79,"column":0},"end":{"line":153,"column":1}},"33":{"start":{"line":80,"column":22},"end":{"line":80,"column":25}},"34":{"start":{"line":89,"column":8},"end":{"line":89,"column":13}},"35":{"start":{"line":93,"column":4},"end":{"line":106,"column":5}},"36":{"start":{"line":94,"column":21},"end":{"line":94,"column":59}},"37":{"start":{"line":96,"column":8},"end":{"line":105,"column":9}},"38":{"start":{"line":97,"column":12},"end":{"line":104,"column":13}},"39":{"start":{"line":98,"column":16},"end":{"line":98,"column":37}},"40":{"start":{"line":100,"column":16},"end":{"line":103,"column":19}},"41":{"start":{"line":109,"column":4},"end":{"line":111,"column":5}},"42":{"start":{"line":110,"column":8},"end":{"line":110,"column":32}},"43":{"start":{"line":113,"column":22},"end":{"line":113,"column":43}},"44":{"start":{"line":114,"column":21},"end":{"line":114,"column":51}},"45":{"start":{"line":116,"column":4},"end":{"line":118,"column":5}},"46":{"start":{"line":117,"column":8},"end":{"line":117,"column":34}},"47":{"start":{"line":120,"column":4},"end":{"line":122,"column":5}},"48":{"start":{"line":121,"column":8},"end":{"line":121,"column":30}},"49":{"start":{"line":124,"column":4},"end":{"line":126,"column":5}},"50":{"start":{"line":125,"column":8},"end":{"line":125,"column":32}},"51":{"start":{"line":128,"column":4},"end":{"line":130,"column":5}},"52":{"start":{"line":129,"column":8},"end":{"line":129,"column":34}},"53":{"start":{"line":132,"column":4},"end":{"line":152,"column":5}},"54":{"start":{"line":133,"column":26},"end":{"line":140,"column":24}},"55":{"start":{"line":142,"column":8},"end":{"line":142,"column":31}},"56":{"start":{"line":144,"column":8},"end":{"line":149,"column":9}},"57":{"start":{"line":145,"column":12},"end":{"line":145,"column":38}},"58":{"start":{"line":146,"column":12},"end":{"line":146,"column":60}},"59":{"start":{"line":147,"column":14},"end":{"line":149,"column":9}},"60":{"start":{"line":148,"column":12},"end":{"line":148,"column":77}},"61":{"start":{"line":151,"column":8},"end":{"line":151,"column":69}},"62":{"start":{"line":156,"column":0},"end":{"line":176,"column":1}},"63":{"start":{"line":157,"column":17},"end":{"line":157,"column":34}},"64":{"start":{"line":158,"column":4},"end":{"line":175,"column":5}},"65":{"start":{"line":159,"column":23},"end":{"line":159,"column":33}},"66":{"start":{"line":160,"column":25},"end":{"line":160,"column":87}},"67":{"start":{"line":161,"column":23},"end":{"line":161,"column":47}},"68":{"start":{"line":162,"column":23},"end":{"line":162,"column":34}},"69":{"start":{"line":163,"column":8},"end":{"line":163,"column":41}},"70":{"start":{"line":165,"column":8},"end":{"line":172,"column":9}},"71":{"start":{"line":166,"column":31},"end":{"line":168,"column":14}},"72":{"start":{"line":169,"column":12},"end":{"line":169,"column":89}},"73":{"start":{"line":171,"column":12},"end":{"line":171,"column":72}},"74":{"start":{"line":174,"column":8},"end":{"line":174,"column":84}},"75":{"start":{"line":186,"column":0},"end":{"line":205,"column":2}},"76":{"start":{"line":187,"column":17},"end":{"line":187,"column":34}},"77":{"start":{"line":188,"column":4},"end":{"line":204,"column":5}},"78":{"start":{"line":189,"column":23},"end":{"line":189,"column":33}},"79":{"start":{"line":190,"column":25},"end":{"line":190,"column":86}},"80":{"start":{"line":191,"column":23},"end":{"line":191,"column":47}},"81":{"start":{"line":193,"column":8},"end":{"line":201,"column":9}},"82":{"start":{"line":194,"column":36},"end":{"line":194,"column":73}},"83":{"start":{"line":195,"column":12},"end":{"line":195,"column":63}},"84":{"start":{"line":196,"column":12},"end":{"line":198,"column":15}},"85":{"start":{"line":200,"column":12},"end":{"line":200,"column":77}},"86":{"start":{"line":203,"column":8},"end":{"line":203,"column":63}},"87":{"start":{"line":207,"column":0},"end":{"line":238,"column":2}},"88":{"start":{"line":208,"column":19},"end":{"line":208,"column":42}},"89":{"start":{"line":210,"column":4},"end":{"line":237,"column":5}},"90":{"start":{"line":211,"column":26},"end":{"line":211,"column":29}},"91":{"start":{"line":212,"column":26},"end":{"line":212,"column":31}},"92":{"start":{"line":214,"column":21},"end":{"line":214,"column":22}},"93":{"start":{"line":216,"column":25},"end":{"line":216,"column":27}},"94":{"start":{"line":218,"column":26},"end":{"line":218,"column":43}},"95":{"start":{"line":220,"column":8},"end":{"line":222,"column":9}},"96":{"start":{"line":221,"column":12},"end":{"line":221,"column":36}},"97":{"start":{"line":224,"column":26},"end":{"line":228,"column":28}},"98":{"start":{"line":230,"column":8},"end":{"line":234,"column":9}},"99":{"start":{"line":231,"column":12},"end":{"line":231,"column":60}},"100":{"start":{"line":233,"column":12},"end":{"line":233,"column":98}},"101":{"start":{"line":236,"column":8},"end":{"line":236,"column":50}}},"fnMap":{"0":{"name":"(anonymous_0)","decl":{"start":{"line":5,"column":21},"end":{"line":5,"column":22}},"loc":{"start":{"line":5,"column":30},"end":{"line":26,"column":1}},"line":5},"1":{"name":"(anonymous_1)","decl":{"start":{"line":21,"column":41},"end":{"line":21,"column":42}},"loc":{"start":{"line":21,"column":52},"end":{"line":23,"column":9}},"line":21},"2":{"name":"(anonymous_2)","decl":{"start":{"line":28,"column":25},"end":{"line":28,"column":26}},"loc":{"start":{"line":28,"column":44},"end":{"line":50,"column":1}},"line":28},"3":{"name":"(anonymous_3)","decl":{"start":{"line":53,"column":18},"end":{"line":53,"column":19}},"loc":{"start":{"line":53,"column":36},"end":{"line":76,"column":1}},"line":53},"4":{"name":"(anonymous_4)","decl":{"start":{"line":79,"column":31},"end":{"line":79,"column":32}},"loc":{"start":{"line":79,"column":49},"end":{"line":153,"column":1}},"line":79},"5":{"name":"(anonymous_5)","decl":{"start":{"line":156,"column":26},"end":{"line":156,"column":27}},"loc":{"start":{"line":156,"column":45},"end":{"line":176,"column":1}},"line":156},"6":{"name":"(anonymous_6)","decl":{"start":{"line":186,"column":21},"end":{"line":186,"column":22}},"loc":{"start":{"line":186,"column":40},"end":{"line":205,"column":1}},"line":186},"7":{"name":"(anonymous_7)","decl":{"start":{"line":207,"column":24},"end":{"line":207,"column":25}},"loc":{"start":{"line":207,"column":41},"end":{"line":238,"column":1}},"line":207}},"branchMap":{"0":{"loc":{"start":{"line":13,"column":4},"end":{"line":18,"column":5}},"type":"if","locations":[{"start":{"line":13,"column":4},"end":{"line":18,"column":5}},{"start":{},"end":{}}],"line":13},"1":{"loc":{"start":{"line":14,"column":8},"end":{"line":17,"column":9}},"type":"if","locations":[{"start":{"line":14,"column":8},"end":{"line":17,"column":9}},{"start":{},"end":{}}],"line":14},"2":{"loc":{"start":{"line":20,"column":4},"end":{"line":24,"column":5}},"type":"if","locations":[{"start":{"line":20,"column":4},"end":{"line":24,"column":5}},{"start":{},"end":{}}],"line":20},"3":{"loc":{"start":{"line":36,"column":25},"end":{"line":36,"column":45}},"type":"binary-expr","locations":[{"start":{"line":36,"column":25},"end":{"line":36,"column":36}},{"start":{"line":36,"column":40},"end":{"line":36,"column":45}}],"line":36},"4":{"loc":{"start":{"line":58,"column":8},"end":{"line":63,"column":9}},"type":"if","locations":[{"start":{"line":58,"column":8},"end":{"line":63,"column":9}},{"start":{},"end":{}}],"line":58},"5":{"loc":{"start":{"line":85,"column":8},"end":{"line":85,"column":16}},"type":"default-arg","locations":[{"start":{"line":85,"column":15},"end":{"line":85,"column":16}}],"line":85},"6":{"loc":{"start":{"line":88,"column":8},"end":{"line":88,"column":21}},"type":"default-arg","locations":[{"start":{"line":88,"column":19},"end":{"line":88,"column":21}}],"line":88},"7":{"loc":{"start":{"line":93,"column":4},"end":{"line":106,"column":5}},"type":"if","locations":[{"start":{"line":93,"column":4},"end":{"line":106,"column":5}},{"start":{},"end":{}}],"line":93},"8":{"loc":{"start":{"line":96,"column":8},"end":{"line":105,"column":9}},"type":"if","locations":[{"start":{"line":96,"column":8},"end":{"line":105,"column":9}},{"start":{},"end":{}}],"line":96},"9":{"loc":{"start":{"line":109,"column":4},"end":{"line":111,"column":5}},"type":"if","locations":[{"start":{"line":109,"column":4},"end":{"line":111,"column":5}},{"start":{},"end":{}}],"line":109},"10":{"loc":{"start":{"line":116,"column":4},"end":{"line":118,"column":5}},"type":"if","locations":[{"start":{"line":116,"column":4},"end":{"line":118,"column":5}},{"start":{},"end":{}}],"line":116},"11":{"loc":{"start":{"line":120,"column":4},"end":{"line":122,"column":5}},"type":"if","locations":[{"start":{"line":120,"column":4},"end":{"line":122,"column":5}},{"start":{},"end":{}}],"line":120},"12":{"loc":{"start":{"line":124,"column":4},"end":{"line":126,"column":5}},"type":"if","locations":[{"start":{"line":124,"column":4},"end":{"line":126,"column":5}},{"start":{},"end":{}}],"line":124},"13":{"loc":{"start":{"line":128,"column":4},"end":{"line":130,"column":5}},"type":"if","locations":[{"start":{"line":128,"column":4},"end":{"line":130,"column":5}},{"start":{},"end":{}}],"line":128},"14":{"loc":{"start":{"line":144,"column":8},"end":{"line":149,"column":9}},"type":"if","locations":[{"start":{"line":144,"column":8},"end":{"line":149,"column":9}},{"start":{"line":147,"column":14},"end":{"line":149,"column":9}}],"line":144},"15":{"loc":{"start":{"line":147,"column":14},"end":{"line":149,"column":9}},"type":"if","locations":[{"start":{"line":147,"column":14},"end":{"line":149,"column":9}},{"start":{},"end":{}}],"line":147},"16":{"loc":{"start":{"line":165,"column":8},"end":{"line":172,"column":9}},"type":"if","locations":[{"start":{"line":165,"column":8},"end":{"line":172,"column":9}},{"start":{"line":170,"column":15},"end":{"line":172,"column":9}}],"line":165},"17":{"loc":{"start":{"line":193,"column":8},"end":{"line":201,"column":9}},"type":"if","locations":[{"start":{"line":193,"column":8},"end":{"line":201,"column":9}},{"start":{"line":199,"column":15},"end":{"line":201,"column":9}}],"line":193},"18":{"loc":{"start":{"line":220,"column":8},"end":{"line":222,"column":9}},"type":"if","locations":[{"start":{"line":220,"column":8},"end":{"line":222,"column":9}},{"start":{},"end":{}}],"line":220},"19":{"loc":{"start":{"line":230,"column":8},"end":{"line":234,"column":9}},"type":"if","locations":[{"start":{"line":230,"column":8},"end":{"line":234,"column":9}},{"start":{"line":232,"column":14},"end":{"line":234,"column":9}}],"line":230}},"s":{"0":2,"1":2,"2":2,"3":2,"4":0,"5":0,"6":0,"7":0,"8":0,"9":0,"10":0,"11":0,"12":0,"13":0,"14":2,"15":0,"16":0,"17":0,"18":0,"19":0,"20":0,"21":0,"22":2,"23":0,"24":0,"25":0,"26":0,"27":0,"28":0,"29":0,"30":0,"31":0,"32":2,"33":0,"34":0,"35":0,"36":0,"37":0,"38":0,"39":0,"40":0,"41":0,"42":0,"43":0,"44":0,"45":0,"46":0,"47":0,"48":0,"49":0,"50":0,"51":0,"52":0,"53":0,"54":0,"55":0,"56":0,"57":0,"58":0,"59":0,"60":0,"61":0,"62":2,"63":0,"64":0,"65":0,"66":0,"67":0,"68":0,"69":0,"70":0,"71":0,"72":0,"73":0,"74":0,"75":2,"76":0,"77":0,"78":0,"79":0,"80":0,"81":0,"82":0,"83":0,"84":0,"85":0,"86":0,"87":2,"88":0,"89":0,"90":0,"91":0,"92":0,"93":0,"94":0,"95":0,"96":0,"97":0,"98":0,"99":0,"100":0,"101":0},"f":{"0":0,"1":0,"2":0,"3":0,"4":0,"5":0,"6":0,"7":0},"b":{"0":[0,0],"1":[0,0],"2":[0,0],"3":[0,0],"4":[0,0],"5":[0],"6":[0],"7":[0,0],"8":[0,0],"9":[0,0],"10":[0,0],"11":[0,0],"12":[0,0],"13":[0,0],"14":[0,0],"15":[0,0],"16":[0,0],"17":[0,0],"18":[0,0],"19":[0,0]},"_coverageSchema":"1a1c01bbd47fc00a2c39e90264f33305004495a9","hash":"021d378ebdfb8136ed898984545ed27496cebb16"}
,"C:\\Users\\Caleb\\Documents\\ALT School\\Second-Semester\\Backend_Engineering\\Backend Projects\\Blogging_API\\Controllers\\utilityFile.js": {"path":"C:\\Users\\Caleb\\Documents\\ALT School\\Second-Semester\\Backend_Engineering\\Backend Projects\\Blogging_API\\Controllers\\utilityFile.js","statementMap":{"0":{"start":{"line":1,"column":0},"end":{"line":10,"column":1}},"1":{"start":{"line":2,"column":18},"end":{"line":2,"column":40}},"2":{"start":{"line":4,"column":25},"end":{"line":4,"column":34}},"3":{"start":{"line":5,"column":4},"end":{"line":9,"column":5}},"4":{"start":{"line":6,"column":8},"end":{"line":6,"column":35}},"5":{"start":{"line":8,"column":8},"end":{"line":8,"column":35}}},"fnMap":{"0":{"name":"(anonymous_0)","decl":{"start":{"line":1,"column":19},"end":{"line":1,"column":20}},"loc":{"start":{"line":1,"column":29},"end":{"line":10,"column":1}},"line":1}},"branchMap":{"0":{"loc":{"start":{"line":5,"column":4},"end":{"line":9,"column":5}},"type":"if","locations":[{"start":{"line":5,"column":4},"end":{"line":9,"column":5}},{"start":{"line":7,"column":11},"end":{"line":9,"column":5}}],"line":5}},"s":{"0":2,"1":0,"2":0,"3":0,"4":0,"5":0},"f":{"0":0},"b":{"0":[0,0]},"_coverageSchema":"1a1c01bbd47fc00a2c39e90264f33305004495a9","hash":"efef595df7a98156ed1d98886566e64c4e2f3f24"}
,"C:\\Users\\Caleb\\Documents\\ALT School\\Second-Semester\\Backend_Engineering\\Backend Projects\\Blogging_API\\Database\\Index.js": {"path":"C:\\Users\\Caleb\\Documents\\ALT School\\Second-Semester\\Backend_Engineering\\Backend Projects\\Blogging_API\\Database\\Index.js","statementMap":{"0":{"start":{"line":1,"column":17},"end":{"line":1,"column":36}},"1":{"start":{"line":2,"column":0},"end":{"line":2,"column":27}},"2":{"start":{"line":4,"column":21},"end":{"line":4,"column":45}},"3":{"start":{"line":7,"column":25},"end":{"line":15,"column":1}},"4":{"start":{"line":8,"column":4},"end":{"line":14,"column":5}},"5":{"start":{"line":9,"column":21},"end":{"line":9,"column":57}},"6":{"start":{"line":10,"column":8},"end":{"line":10,"column":84}},"7":{"start":{"line":12,"column":8},"end":{"line":12,"column":56}},"8":{"start":{"line":13,"column":8},"end":{"line":13,"column":24}},"9":{"start":{"line":17,"column":0},"end":{"line":17,"column":34}}},"fnMap":{"0":{"name":"(anonymous_0)","decl":{"start":{"line":7,"column":25},"end":{"line":7,"column":26}},"loc":{"start":{"line":7,"column":36},"end":{"line":15,"column":1}},"line":7}},"branchMap":{},"s":{"0":2,"1":2,"2":2,"3":2,"4":2,"5":2,"6":0,"7":0,"8":0,"9":2},"f":{"0":2},"b":{},"_coverageSchema":"1a1c01bbd47fc00a2c39e90264f33305004495a9","hash":"f1a25f8550bf479b21312551111547af525a2f1e"}
,"C:\\Users\\Caleb\\Documents\\ALT School\\Second-Semester\\Backend_Engineering\\Backend Projects\\Blogging_API\\Models\\UserModel.js": {"path":"C:\\Users\\Caleb\\Documents\\ALT School\\Second-Semester\\Backend_Engineering\\Backend Projects\\Blogging_API\\Models\\UserModel.js","statementMap":{"0":{"start":{"line":1,"column":17},"end":{"line":1,"column":36}},"1":{"start":{"line":2,"column":20},"end":{"line":2,"column":40}},"2":{"start":{"line":3,"column":15},"end":{"line":3,"column":32}},"3":{"start":{"line":5,"column":19},"end":{"line":33,"column":2}},"4":{"start":{"line":35,"column":0},"end":{"line":41,"column":2}},"5":{"start":{"line":36,"column":17},"end":{"line":36,"column":39}},"6":{"start":{"line":39,"column":4},"end":{"line":39,"column":59}},"7":{"start":{"line":40,"column":4},"end":{"line":40,"column":11}},"8":{"start":{"line":43,"column":0},"end":{"line":55,"column":2}},"9":{"start":{"line":44,"column":17},"end":{"line":44,"column":44}},"10":{"start":{"line":45,"column":4},"end":{"line":45,"column":22}},"11":{"start":{"line":47,"column":4},"end":{"line":53,"column":5}},"12":{"start":{"line":48,"column":21},"end":{"line":48,"column":66}},"13":{"start":{"line":49,"column":8},"end":{"line":51,"column":9}},"14":{"start":{"line":50,"column":12},"end":{"line":50,"column":24}},"15":{"start":{"line":52,"column":8},"end":{"line":52,"column":42}},"16":{"start":{"line":54,"column":4},"end":{"line":54,"column":35}},"17":{"start":{"line":57,"column":18},"end":{"line":57,"column":57}},"18":{"start":{"line":59,"column":0},"end":{"line":59,"column":27}}},"fnMap":{"0":{"name":"(anonymous_0)","decl":{"start":{"line":35,"column":23},"end":{"line":35,"column":24}},"loc":{"start":{"line":35,"column":45},"end":{"line":41,"column":1}},"line":35},"1":{"name":"(anonymous_1)","decl":{"start":{"line":43,"column":27},"end":{"line":43,"column":28}},"loc":{"start":{"line":43,"column":59},"end":{"line":55,"column":1}},"line":43}},"branchMap":{"0":{"loc":{"start":{"line":47,"column":4},"end":{"line":53,"column":5}},"type":"if","locations":[{"start":{"line":47,"column":4},"end":{"line":53,"column":5}},{"start":{},"end":{}}],"line":47},"1":{"loc":{"start":{"line":49,"column":8},"end":{"line":51,"column":9}},"type":"if","locations":[{"start":{"line":49,"column":8},"end":{"line":51,"column":9}},{"start":{},"end":{}}],"line":49}},"s":{"0":2,"1":2,"2":2,"3":2,"4":2,"5":0,"6":0,"7":0,"8":2,"9":0,"10":0,"11":0,"12":0,"13":0,"14":0,"15":0,"16":0,"17":2,"18":2},"f":{"0":0,"1":0},"b":{"0":[0,0],"1":[0,0]},"_coverageSchema":"1a1c01bbd47fc00a2c39e90264f33305004495a9","hash":"b5f7a4b4c331c12bf1fac5583071a5ed25b5ae7e"}
,"C:\\Users\\Caleb\\Documents\\ALT School\\Second-Semester\\Backend_Engineering\\Backend Projects\\Blogging_API\\Models\\blogModel.js": {"path":"C:\\Users\\Caleb\\Documents\\ALT School\\Second-Semester\\Backend_Engineering\\Backend Projects\\Blogging_API\\Models\\blogModel.js","statementMap":{"0":{"start":{"line":1,"column":17},"end":{"line":1,"column":36}},"1":{"start":{"line":3,"column":15},"end":{"line":3,"column":30}},"2":{"start":{"line":5,"column":19},"end":{"line":48,"column":1}},"3":{"start":{"line":51,"column":18},"end":{"line":51,"column":57}},"4":{"start":{"line":52,"column":0},"end":{"line":52,"column":27}}},"fnMap":{},"branchMap":{},"s":{"0":2,"1":2,"2":2,"3":2,"4":2},"f":{},"b":{},"_coverageSchema":"1a1c01bbd47fc00a2c39e90264f33305004495a9","hash":"181db1b9b1b81ef48e4ddfe26be21b3ae609a1e4"}
,"C:\\Users\\Caleb\\Documents\\ALT School\\Second-Semester\\Backend_Engineering\\Backend Projects\\Blogging_API\\middleware\\basicAuth.js": {"path":"C:\\Users\\Caleb\\Documents\\ALT School\\Second-Semester\\Backend_Engineering\\Backend Projects\\Blogging_API\\middleware\\basicAuth.js","statementMap":{"0":{"start":{"line":1,"column":12},"end":{"line":1,"column":35}},"1":{"start":{"line":2,"column":13},"end":{"line":2,"column":43}},"2":{"start":{"line":3,"column":0},"end":{"line":3,"column":27}},"3":{"start":{"line":4,"column":15},"end":{"line":4,"column":37}},"4":{"start":{"line":6,"column":22},"end":{"line":22,"column":1}},"5":{"start":{"line":7,"column":18},"end":{"line":7,"column":33}},"6":{"start":{"line":9,"column":4},"end":{"line":21,"column":5}},"7":{"start":{"line":10,"column":8},"end":{"line":18,"column":11}},"8":{"start":{"line":11,"column":12},"end":{"line":17,"column":13}},"9":{"start":{"line":12,"column":16},"end":{"line":12,"column":39}},"10":{"start":{"line":14,"column":29},"end":{"line":14,"column":65}},"11":{"start":{"line":15,"column":16},"end":{"line":15,"column":32}},"12":{"start":{"line":16,"column":16},"end":{"line":16,"column":23}},"13":{"start":{"line":20,"column":8},"end":{"line":20,"column":31}},"14":{"start":{"line":24,"column":20},"end":{"line":42,"column":1}},"15":{"start":{"line":25,"column":18},"end":{"line":25,"column":33}},"16":{"start":{"line":27,"column":4},"end":{"line":41,"column":5}},"17":{"start":{"line":28,"column":8},"end":{"line":37,"column":11}},"18":{"start":{"line":29,"column":12},"end":{"line":36,"column":13}},"19":{"start":{"line":30,"column":16},"end":{"line":30,"column":32}},"20":{"start":{"line":31,"column":16},"end":{"line":31,"column":23}},"21":{"start":{"line":33,"column":27},"end":{"line":33,"column":63}},"22":{"start":{"line":34,"column":16},"end":{"line":34,"column":32}},"23":{"start":{"line":35,"column":16},"end":{"line":35,"column":23}},"24":{"start":{"line":39,"column":8},"end":{"line":39,"column":24}},"25":{"start":{"line":40,"column":8},"end":{"line":40,"column":15}},"26":{"start":{"line":44,"column":0},"end":{"line":44,"column":46}}},"fnMap":{"0":{"name":"(anonymous_0)","decl":{"start":{"line":6,"column":22},"end":{"line":6,"column":23}},"loc":{"start":{"line":6,"column":42},"end":{"line":22,"column":1}},"line":6},"1":{"name":"(anonymous_1)","decl":{"start":{"line":10,"column":34},"end":{"line":10,"column":35}},"loc":{"start":{"line":10,"column":61},"end":{"line":18,"column":9}},"line":10},"2":{"name":"(anonymous_2)","decl":{"start":{"line":24,"column":20},"end":{"line":24,"column":21}},"loc":{"start":{"line":24,"column":38},"end":{"line":42,"column":1}},"line":24},"3":{"name":"(anonymous_3)","decl":{"start":{"line":28,"column":34},"end":{"line":28,"column":35}},"loc":{"start":{"line":28,"column":60},"end":{"line":37,"column":9}},"line":28}},"branchMap":{"0":{"loc":{"start":{"line":9,"column":4},"end":{"line":21,"column":5}},"type":"if","locations":[{"start":{"line":9,"column":4},"end":{"line":21,"column":5}},{"start":{"line":19,"column":9},"end":{"line":21,"column":5}}],"line":9},"1":{"loc":{"start":{"line":11,"column":12},"end":{"line":17,"column":13}},"type":"if","locations":[{"start":{"line":11,"column":12},"end":{"line":17,"column":13}},{"start":{"line":13,"column":19},"end":{"line":17,"column":13}}],"line":11},"2":{"loc":{"start":{"line":27,"column":4},"end":{"line":41,"column":5}},"type":"if","locations":[{"start":{"line":27,"column":4},"end":{"line":41,"column":5}},{"start":{"line":38,"column":11},"end":{"line":41,"column":5}}],"line":27},"3":{"loc":{"start":{"line":29,"column":12},"end":{"line":36,"column":13}},"type":"if","locations":[{"start":{"line":29,"column":12},"end":{"line":36,"column":13}},{"start":{"line":32,"column":19},"end":{"line":36,"column":13}}],"line":29}},"s":{"0":2,"1":2,"2":2,"3":2,"4":2,"5":0,"6":0,"7":0,"8":0,"9":0,"10":0,"11":0,"12":0,"13":0,"14":2,"15":0,"16":0,"17":0,"18":0,"19":0,"20":0,"21":0,"22":0,"23":0,"24":0,"25":0,"26":2},"f":{"0":0,"1":0,"2":0,"3":0},"b":{"0":[0,0],"1":[0,0],"2":[0,0],"3":[0,0]},"_coverageSchema":"1a1c01bbd47fc00a2c39e90264f33305004495a9","hash":"817404a90b8bfb1a0ef2bdb59b526699c2cda2f5"}
,"C:\\Users\\Caleb\\Documents\\ALT School\\Second-Semester\\Backend_Engineering\\Backend Projects\\Blogging_API\\routes\\authRoutes.js": {"path":"C:\\Users\\Caleb\\Documents\\ALT School\\Second-Semester\\Backend_Engineering\\Backend Projects\\Blogging_API\\routes\\authRoutes.js","statementMap":{"0":{"start":{"line":1,"column":19},"end":{"line":1,"column":37}},"1":{"start":{"line":2,"column":23},"end":{"line":2,"column":63}},"2":{"start":{"line":4,"column":19},"end":{"line":4,"column":27}},"3":{"start":{"line":6,"column":0},"end":{"line":6,"column":53}},"4":{"start":{"line":7,"column":0},"end":{"line":7,"column":50}},"5":{"start":{"line":8,"column":0},"end":{"line":8,"column":51}},"6":{"start":{"line":9,"column":0},"end":{"line":9,"column":48}},"7":{"start":{"line":11,"column":0},"end":{"line":11,"column":28}}},"fnMap":{},"branchMap":{},"s":{"0":2,"1":2,"2":2,"3":2,"4":2,"5":2,"6":2,"7":2},"f":{},"b":{},"_coverageSchema":"1a1c01bbd47fc00a2c39e90264f33305004495a9","hash":"993e19a66b454e07978910d60115a1df183525a5"}
,"C:\\Users\\Caleb\\Documents\\ALT School\\Second-Semester\\Backend_Engineering\\Backend Projects\\Blogging_API\\routes\\blogRoutes.js": {"path":"C:\\Users\\Caleb\\Documents\\ALT School\\Second-Semester\\Backend_Engineering\\Backend Projects\\Blogging_API\\routes\\blogRoutes.js","statementMap":{"0":{"start":{"line":1,"column":16},"end":{"line":1,"column":34}},"1":{"start":{"line":2,"column":95},"end":{"line":2,"column":135}},"2":{"start":{"line":3,"column":26},"end":{"line":3,"column":60}},"3":{"start":{"line":5,"column":19},"end":{"line":5,"column":35}},"4":{"start":{"line":7,"column":0},"end":{"line":7,"column":58}},"5":{"start":{"line":9,"column":0},"end":{"line":9,"column":59}},"6":{"start":{"line":11,"column":0},"end":{"line":11,"column":47}},"7":{"start":{"line":13,"column":0},"end":{"line":13,"column":57}},"8":{"start":{"line":15,"column":0},"end":{"line":15,"column":50}},"9":{"start":{"line":17,"column":0},"end":{"line":17,"column":53}},"10":{"start":{"line":19,"column":0},"end":{"line":19,"column":28}}},"fnMap":{},"branchMap":{},"s":{"0":2,"1":2,"2":2,"3":2,"4":2,"5":2,"6":2,"7":2,"8":2,"9":2,"10":2},"f":{},"b":{},"_coverageSchema":"1a1c01bbd47fc00a2c39e90264f33305004495a9","hash":"4dc781a7706e97aa7eea178b82bc3ddd18f31f8d"}
,"C:\\Users\\Caleb\\Documents\\ALT School\\Second-Semester\\Backend_Engineering\\Backend Projects\\Blogging_API\\test\\database.js": {"path":"C:\\Users\\Caleb\\Documents\\ALT School\\Second-Semester\\Backend_Engineering\\Backend Projects\\Blogging_API\\test\\database.js","statementMap":{"0":{"start":{"line":1,"column":30},"end":{"line":1,"column":62}},"1":{"start":{"line":2,"column":17},"end":{"line":2,"column":36}},"2":{"start":{"line":3,"column":23},"end":{"line":3,"column":41}},"3":{"start":{"line":5,"column":0},"end":{"line":5,"column":34}},"4":{"start":{"line":9,"column":8},"end":{"line":9,"column":55}},"5":{"start":{"line":10,"column":8},"end":{"line":10,"column":31}},"6":{"start":{"line":14,"column":8},"end":{"line":14,"column":61}},"7":{"start":{"line":15,"column":25},"end":{"line":15,"column":51}},"8":{"start":{"line":17,"column":8},"end":{"line":20,"column":11}},"9":{"start":{"line":24,"column":7},"end":{"line":24,"column":35}},"10":{"start":{"line":25,"column":7},"end":{"line":25,"column":38}},"11":{"start":{"line":29,"column":23},"end":{"line":29,"column":58}},"12":{"start":{"line":30,"column":25},"end":{"line":30,"column":27}},"13":{"start":{"line":32,"column":8},"end":{"line":34,"column":11}},"14":{"start":{"line":33,"column":12},"end":{"line":33,"column":72}},"15":{"start":{"line":37,"column":8},"end":{"line":37,"column":36}},"16":{"start":{"line":43,"column":0},"end":{"line":47,"column":2}},"17":{"start":{"line":44,"column":17},"end":{"line":44,"column":33}},"18":{"start":{"line":45,"column":4},"end":{"line":45,"column":25}},"19":{"start":{"line":46,"column":4},"end":{"line":46,"column":21}}},"fnMap":{"0":{"name":"(anonymous_0)","decl":{"start":{"line":8,"column":4},"end":{"line":8,"column":5}},"loc":{"start":{"line":8,"column":17},"end":{"line":11,"column":5}},"line":8},"1":{"name":"(anonymous_1)","decl":{"start":{"line":13,"column":4},"end":{"line":13,"column":5}},"loc":{"start":{"line":13,"column":20},"end":{"line":21,"column":5}},"line":13},"2":{"name":"(anonymous_2)","decl":{"start":{"line":23,"column":4},"end":{"line":23,"column":5}},"loc":{"start":{"line":23,"column":22},"end":{"line":26,"column":5}},"line":23},"3":{"name":"(anonymous_3)","decl":{"start":{"line":28,"column":4},"end":{"line":28,"column":5}},"loc":{"start":{"line":28,"column":19},"end":{"line":38,"column":5}},"line":28},"4":{"name":"(anonymous_4)","decl":{"start":{"line":32,"column":19},"end":{"line":32,"column":20}},"loc":{"start":{"line":32,"column":28},"end":{"line":34,"column":9}},"line":32},"5":{"name":"(anonymous_5)","decl":{"start":{"line":43,"column":18},"end":{"line":43,"column":19}},"loc":{"start":{"line":43,"column":27},"end":{"line":47,"column":1}},"line":43}},"branchMap":{},"s":{"0":1,"1":1,"2":1,"3":1,"4":1,"5":1,"6":1,"7":1,"8":1,"9":0,"10":0,"11":0,"12":0,"13":0,"14":0,"15":0,"16":1,"17":1,"18":1,"19":0},"f":{"0":1,"1":1,"2":0,"3":0,"4":0,"5":1},"b":{},"_coverageSchema":"1a1c01bbd47fc00a2c39e90264f33305004495a9","hash":"895a06d68a0911fdb6dce4a0241b948548675d2c"}
}
