TN:
SF:app.js
FN:24,(anonymous_0)
FN:37,(anonymous_1)
FN:42,(anonymous_2)
FN:48,(anonymous_3)
FNF:4
FNH:0
FNDA:0,(anonymous_0)
FNDA:0,(anonymous_1)
FNDA:0,(anonymous_2)
FNDA:0,(anonymous_3)
DA:1,2
DA:2,2
DA:3,2
DA:4,2
DA:5,2
DA:6,2
DA:7,2
DA:10,2
DA:13,2
DA:15,2
DA:19,2
DA:20,2
DA:21,2
DA:23,2
DA:24,2
DA:25,0
DA:31,2
DA:32,2
DA:37,2
DA:38,0
DA:42,2
DA:43,0
DA:44,0
DA:45,0
DA:48,2
DA:49,0
LF:26
LH:20
BRDA:43,0,0,0
BRDA:44,1,0,0
BRDA:44,1,1,0
BRF:3
BRH:0
end_of_record
TN:
SF:Controllers\authController.js
FN:8,(anonymous_0)
FN:33,(anonymous_1)
FN:43,(anonymous_2)
FN:49,(anonymous_3)
FN:53,(anonymous_4)
FN:57,(anonymous_5)
FN:81,(anonymous_6)
FNF:7
FNH:0
FNDA:0,(anonymous_0)
FNDA:0,(anonymous_1)
FNDA:0,(anonymous_2)
FNDA:0,(anonymous_3)
FNDA:0,(anonymous_4)
FNDA:0,(anonymous_5)
FNDA:0,(anonymous_6)
DA:1,2
DA:2,2
DA:4,2
DA:6,2
DA:8,2
DA:9,0
DA:16,0
DA:17,0
DA:20,0
DA:21,0
DA:24,0
DA:25,0
DA:26,0
DA:27,0
DA:32,0
DA:33,0
DA:34,0
DA:38,0
DA:42,2
DA:43,2
DA:44,0
DA:49,2
DA:50,0
DA:53,2
DA:54,0
DA:57,2
DA:58,0
DA:61,0
DA:62,0
DA:69,0
DA:70,0
DA:71,0
DA:72,0
DA:73,0
DA:74,0
DA:76,0
DA:77,0
DA:81,2
DA:82,0
DA:84,0
DA:85,0
DA:86,0
DA:87,0
DA:88,0
DA:90,0
DA:91,0
LF:46
LH:11
BRDA:16,0,0,0
BRDA:16,0,1,0
BRDA:20,1,0,0
BRDA:20,1,1,0
BRDA:24,2,0,0
BRDA:24,2,1,0
BRDA:25,3,0,0
BRDA:25,3,1,0
BRDA:32,4,0,0
BRDA:32,4,1,0
BRF:10
BRH:0
end_of_record
TN:
SF:Controllers\blogController.js
FN:5,(anonymous_0)
FN:21,(anonymous_1)
FN:28,(anonymous_2)
FN:53,(anonymous_3)
FN:79,(anonymous_4)
FN:156,(anonymous_5)
FN:186,(anonymous_6)
FN:207,(anonymous_7)
FNF:8
FNH:0
FNDA:0,(anonymous_0)
FNDA:0,(anonymous_1)
FNDA:0,(anonymous_2)
FNDA:0,(anonymous_3)
FNDA:0,(anonymous_4)
FNDA:0,(anonymous_5)
FNDA:0,(anonymous_6)
FNDA:0,(anonymous_7)
DA:1,2
DA:2,2
DA:3,2
DA:5,2
DA:6,0
DA:8,0
DA:13,0
DA:14,0
DA:15,0
DA:16,0
DA:20,0
DA:21,0
DA:22,0
DA:25,0
DA:28,2
DA:29,0
DA:31,0
DA:33,0
DA:44,0
DA:45,0
DA:47,0
DA:48,0
DA:53,2
DA:54,0
DA:55,0
DA:56,0
DA:58,0
DA:59,0
DA:66,0
DA:67,0
DA:69,0
DA:74,0
DA:79,2
DA:80,0
DA:89,0
DA:93,0
DA:94,0
DA:96,0
DA:97,0
DA:98,0
DA:100,0
DA:109,0
DA:110,0
DA:113,0
DA:114,0
DA:116,0
DA:117,0
DA:120,0
DA:121,0
DA:124,0
DA:125,0
DA:128,0
DA:129,0
DA:132,0
DA:133,0
DA:142,0
DA:144,0
DA:145,0
DA:146,0
DA:147,0
DA:148,0
DA:151,0
DA:156,2
DA:157,0
DA:158,0
DA:159,0
DA:160,0
DA:161,0
DA:162,0
DA:163,0
DA:165,0
DA:166,0
DA:169,0
DA:171,0
DA:174,0
DA:186,2
DA:187,0
DA:188,0
DA:189,0
DA:190,0
DA:191,0
DA:193,0
DA:194,0
DA:195,0
DA:196,0
DA:200,0
DA:203,0
DA:207,2
DA:208,0
DA:210,0
DA:211,0
DA:212,0
DA:214,0
DA:216,0
DA:218,0
DA:220,0
DA:221,0
DA:224,0
DA:230,0
DA:231,0
DA:233,0
DA:236,0
LF:102
LH:10
BRDA:13,0,0,0
BRDA:13,0,1,0
BRDA:14,1,0,0
BRDA:14,1,1,0
BRDA:20,2,0,0
BRDA:20,2,1,0
BRDA:36,3,0,0
BRDA:36,3,1,0
BRDA:58,4,0,0
BRDA:58,4,1,0
BRDA:85,5,0,0
BRDA:88,6,0,0
BRDA:93,7,0,0
BRDA:93,7,1,0
BRDA:96,8,0,0
BRDA:96,8,1,0
BRDA:109,9,0,0
BRDA:109,9,1,0
BRDA:116,10,0,0
BRDA:116,10,1,0
BRDA:120,11,0,0
BRDA:120,11,1,0
BRDA:124,12,0,0
BRDA:124,12,1,0
BRDA:128,13,0,0
BRDA:128,13,1,0
BRDA:144,14,0,0
BRDA:144,14,1,0
BRDA:147,15,0,0
BRDA:147,15,1,0
BRDA:165,16,0,0
BRDA:165,16,1,0
BRDA:193,17,0,0
BRDA:193,17,1,0
BRDA:220,18,0,0
BRDA:220,18,1,0
BRDA:230,19,0,0
BRDA:230,19,1,0
BRF:38
BRH:0
end_of_record
TN:
SF:Controllers\utilityFile.js
FN:1,(anonymous_0)
FNF:1
FNH:0
FNDA:0,(anonymous_0)
DA:1,2
DA:2,0
DA:4,0
DA:5,0
DA:6,0
DA:8,0
LF:6
LH:1
BRDA:5,0,0,0
BRDA:5,0,1,0
BRF:2
BRH:0
end_of_record
TN:
SF:Database\Index.js
FN:7,(anonymous_0)
FNF:1
FNH:1
FNDA:2,(anonymous_0)
DA:1,2
DA:2,2
DA:4,2
DA:7,2
DA:8,2
DA:9,2
DA:10,0
DA:12,0
DA:13,0
DA:17,2
LF:10
LH:7
BRF:0
BRH:0
end_of_record
TN:
SF:Models\UserModel.js
FN:35,(anonymous_0)
FN:43,(anonymous_1)
FNF:2
FNH:0
FNDA:0,(anonymous_0)
FNDA:0,(anonymous_1)
DA:1,2
DA:2,2
DA:3,2
DA:5,2
DA:35,2
DA:36,0
DA:39,0
DA:40,0
DA:43,2
DA:44,0
DA:45,0
DA:47,0
DA:48,0
DA:49,0
DA:50,0
DA:52,0
DA:54,0
DA:57,2
DA:59,2
LF:19
LH:8
BRDA:47,0,0,0
BRDA:47,0,1,0
BRDA:49,1,0,0
BRDA:49,1,1,0
BRF:4
BRH:0
end_of_record
TN:
SF:Models\blogModel.js
FNF:0
FNH:0
DA:1,2
DA:3,2
DA:5,2
DA:51,2
DA:52,2
LF:5
LH:5
BRF:0
BRH:0
end_of_record
TN:
SF:middleware\basicAuth.js
FN:6,(anonymous_0)
FN:10,(anonymous_1)
FN:24,(anonymous_2)
FN:28,(anonymous_3)
FNF:4
FNH:0
FNDA:0,(anonymous_0)
FNDA:0,(anonymous_1)
FNDA:0,(anonymous_2)
FNDA:0,(anonymous_3)
DA:1,2
DA:2,2
DA:3,2
DA:4,2
DA:6,2
DA:7,0
DA:9,0
DA:10,0
DA:11,0
DA:12,0
DA:14,0
DA:15,0
DA:16,0
DA:20,0
DA:24,2
DA:25,0
DA:27,0
DA:28,0
DA:29,0
DA:30,0
DA:31,0
DA:33,0
DA:34,0
DA:35,0
DA:39,0
DA:40,0
DA:44,2
LF:27
LH:7
BRDA:9,0,0,0
BRDA:9,0,1,0
BRDA:11,1,0,0
BRDA:11,1,1,0
BRDA:27,2,0,0
BRDA:27,2,1,0
BRDA:29,3,0,0
BRDA:29,3,1,0
BRF:8
BRH:0
end_of_record
TN:
SF:routes\authRoutes.js
FNF:0
FNH:0
DA:1,2
DA:2,2
DA:4,2
DA:6,2
DA:7,2
DA:8,2
DA:9,2
DA:11,2
LF:8
LH:8
BRF:0
BRH:0
end_of_record
TN:
SF:routes\blogRoutes.js
FNF:0
FNH:0
DA:1,2
DA:2,2
DA:3,2
DA:5,2
DA:7,2
DA:9,2
DA:11,2
DA:13,2
DA:15,2
DA:17,2
DA:19,2
LF:11
LH:11
BRF:0
BRH:0
end_of_record
TN:
SF:test\database.js
FN:8,(anonymous_0)
FN:13,(anonymous_1)
FN:23,(anonymous_2)
FN:28,(anonymous_3)
FN:32,(anonymous_4)
FN:43,(anonymous_5)
FNF:6
FNH:3
FNDA:1,(anonymous_0)
FNDA:1,(anonymous_1)
FNDA:0,(anonymous_2)
FNDA:0,(anonymous_3)
FNDA:0,(anonymous_4)
FNDA:1,(anonymous_5)
DA:1,1
DA:2,1
DA:3,1
DA:5,1
DA:9,1
DA:10,1
DA:14,1
DA:15,1
DA:17,1
DA:24,0
DA:25,0
DA:29,0
DA:30,0
DA:32,0
DA:33,0
DA:37,0
DA:43,1
DA:44,1
DA:45,1
DA:46,0
LF:20
LH:12
BRF:0
BRH:0
end_of_record
